<?xml version="1.0" encoding="UTF-8"?>
<!-- Generated by org.testng.reporters.JUnitReportReporter -->
<testsuite hostname="DESKTOP-FOVBMUO" failures="0" tests="5" name="automationTesting.Flipkart" time="25.408" errors="0" timestamp="2023-12-21T02:17:38 MST" skipped="0">
  <testcase classname="automationTesting.Flipkart" name="closeLoginmodal" time="0.071"/>
  <testcase classname="automationTesting.Flipkart" name="hoverMI" time="4.108"/>
  <testcase classname="automationTesting.Flipkart" name="priceSlider" time="5.811"/>
  <testcase classname="automationTesting.Flipkart" name="search" time="7.624"/>
  <testcase classname="automationTesting.Flipkart" name="productverify" time="7.794"/>
</testsuite> <!-- automationTesting.Flipkart -->
