<?xml version="1.0" encoding="UTF-8"?>
<!-- Generated by org.testng.reporters.JUnitReportReporter -->
<testsuite hostname="DESKTOP-FOVBMUO" failures="0" tests="1" name="FlipkartTest.NewTest" time="5.165" errors="0" timestamp="2023-12-19T20:45:35 MST" skipped="0">
  <testcase classname="FlipkartTest.NewTest" name="f" time="5.165"/>
</testsuite> <!-- FlipkartTest.NewTest -->
